[000:000] [o1d13946-1] Listening for HELLO.
[000:007] [o1d13946-2] Listening for HELLO.
[000:131] [o1d13946-2] Client connected.
[000:131] [o1d13946-2] Registered new shared memory segment at 100
[000:264] [o1d13946-2] Unmapping shared mem: 100
[000:264] Created new pool buffer at 0x7fe29ad54000, 57600 bytes
[000:264] [o1d13946-2] Registered new shared memory segment at 101
[000:449] [o1d13946-2] Sending rendering size change: 199x111
[005:342] [o1d13946-3] Listening for HELLO.
[005:345] [o1d13946-4] Listening for HELLO.
[007:079] [o1d13946-4] Client connected.
[007:079] [o1d13946-4] Registered new shared memory segment at 102
[007:125] [o1d13946-5] Listening for HELLO.
[007:130] [o1d13946-6] Listening for HELLO.
[007:145] [o1d13946-6] Client connected.
[007:146] [o1d13946-6] Registered new shared memory segment at 103
[018:080] [o1d13946-4] Unmapping shared mem: 102
[018:080] Created new pool buffer at 0x3361d771d000, 57600 bytes
[018:080] [o1d13946-4] Registered new shared memory segment at 104
[018:434] [o1d13946-4] Sending rendering size change: 199x111
[018:445] [o1d13946-6] Sending rendering size change: 1060x596
[125:149] [o1d13946-2] Sending rendering size change: 190x111
[125:153] [o1d13946-2] Unmapping shared mem: 101
[125:153] Created new pool buffer at 0x3361d7738000, 136320 bytes
[125:153] [o1d13946-2] Registered new shared memory segment at 105
[125:338] [o1d13946-2] Sending rendering size change: 188x112
[132:876] [o1d13946-2] Sending rendering size change: 199x111
[132:898] [o1d13946-2] Unmapping shared mem: 105
[132:898] Created new pool buffer at 0x3361d775a000, 230400 bytes
[132:899] [o1d13946-2] Registered new shared memory segment at 106
[136:633] [o1d13946-2] Sending rendering size change: 188x112
[136:645] [o1d13946-2] Unmapping shared mem: 106
[136:645] Created new pool buffer at 0x3361d7794000, 547200 bytes
[136:646] [o1d13946-2] Registered new shared memory segment at 107
[138:816] [o1d13946-5] Client connected.
[138:816] [o1d13946-5] Registered new shared memory segment at 108
[139:050] [o1d13946-5] Sending rendering size change: 1060x596
[139:050] [o1d13946-5] Unmapping shared mem: 108
[139:050] Created new pool buffer at 0x3361d781a000, 2188800 bytes
[139:054] [o1d13946-5] Registered new shared memory segment at 109
[139:272] [o1d13946-5] Sending rendering size change: 1060x628
[139:274] [o1d13946-6] Sending rendering size change: 1060x628
[617:550] [o1d13946-5] Sending rendering size change: 1285x762
[617:550] [o1d13946-6] Sending rendering size change: 1285x762
[624:408] [o1d13946-2] Sending rendering size change: 199x111
[624:418] [o1d13946-5] Sending rendering size change: 1285x722
[624:418] [o1d13946-6] Sending rendering size change: 1285x722
[1298:976] [o1d13946-2] Sending rendering size change: 188x112
[1298:978] [o1d13946-5] Sending rendering size change: 1285x762
[1298:978] [o1d13946-6] Sending rendering size change: 1285x762
[1525:198] [o1d13946-2] Sending rendering size change: 199x111
[1525:213] [o1d13946-5] Sending rendering size change: 1285x722
[1525:214] [o1d13946-6] Sending rendering size change: 1285x722
[1533:698] [o1d13946-2] Unmapping shared mem: 107
[1533:698] Created new pool buffer at 0x3361d7a4a000, 925248 bytes
[1533:700] [o1d13946-2] Registered new shared memory segment at 110
[1533:738] [o1d13946-5] Sending rendering size change: 1285x744
[1533:738] [o1d13946-6] Sending rendering size change: 1285x744
[1533:901] [o1d13946-2] Sending rendering size change: 193x112
[1538:703] [o1d13946-2] Unmapping shared mem: 110
[1538:703] Created new pool buffer at 0x3361d7b2c000, 2364896 bytes
[1538:706] [o1d13946-2] Registered new shared memory segment at 111
[1538:706] [o1d13946-5] Unmapping shared mem: 109
[1538:706] Created new pool buffer at 0x3361d7d6e000, 2364896 bytes
[1538:709] [o1d13946-5] Registered new shared memory segment at 112
[1538:745] [o1d13946-6] Sending rendering size change: 1285x686
[1538:932] [o1d13946-2] Sending rendering size change: 199x106
[1538:932] [o1d13946-5] Sending rendering size change: 1285x686
[1632:298] [o1d13946-2] Sending rendering size change: 199x111
[1632:301] [o1d13946-5] Sending rendering size change: 1285x722
[1632:301] [o1d13946-6] Sending rendering size change: 1285x722
[1653:238] [o1d13946-2] Sending rendering size change: 188x112
[1653:240] [o1d13946-5] Sending rendering size change: 1285x762
[1653:240] [o1d13946-6] Sending rendering size change: 1285x762
[1782:811] [o1d13946-5] Shutting down instance.
[1782:811] [o1d13946-5] Attached client while shutting down; sending shutdown notification.
[1782:811] [o1d13946-5] Client disconnected.
[1782:812] [o1d13946-6] Shutting down instance.
[1782:812] [o1d13946-6] Attached client while shutting down; sending shutdown notification.
[1782:812] [o1d13946-6] Client disconnected.
[1782:961] [o1d13946-3] Shutting down instance.
[1782:961] [o1d13946-3] Client disconnected.
[1782:961] [o1d13946-4] Shutting down instance.
[1782:961] [o1d13946-4] Attached client while shutting down; sending shutdown notification.
[1782:961] [o1d13946-4] Client disconnected.
[1783:073] [o1d13946-2] Shutting down instance.
[1783:073] [o1d13946-2] Attached client while shutting down; sending shutdown notification.
[1783:074] [o1d13946-2] Client disconnected.
[1783:076] [o1d13946-1] Shutting down instance.
[1783:076] [o1d13946-1] Client disconnected.
